[2025-03-15 21:59:46,102] 24 root - INFO - Initiating Data Ingestion
[2025-03-15 21:59:46,102] 26 root - INFO - Data Reading using Pandas
[2025-03-15 21:59:46,140] 28 root - INFO - Data Ingested
[2025-03-15 21:59:46,257] 32 root - INFO - Data Splitted into Train and Test
[2025-03-15 21:59:46,370] 35 root - INFO - Data Ingestion Successful
[2025-03-15 21:59:46,370] 69 root - INFO - Initiating Data Transformation
[2025-03-15 21:59:46,459] 49 root - INFO - Removing Outliers using IQR for age
[2025-03-15 21:59:46,463] 58 root - INFO - Outliers Removed for age
[2025-03-15 21:59:46,465] 49 root - INFO - Removing Outliers using IQR for age
[2025-03-15 21:59:46,465] 58 root - INFO - Outliers Removed for age
[2025-03-15 21:59:46,468] 49 root - INFO - Removing Outliers using IQR for workclass
[2025-03-15 21:59:46,472] 58 root - INFO - Outliers Removed for workclass
[2025-03-15 21:59:46,472] 49 root - INFO - Removing Outliers using IQR for workclass
[2025-03-15 21:59:46,473] 58 root - INFO - Outliers Removed for workclass
[2025-03-15 21:59:46,473] 49 root - INFO - Removing Outliers using IQR for education
[2025-03-15 21:59:46,476] 58 root - INFO - Outliers Removed for education
[2025-03-15 21:59:46,476] 49 root - INFO - Removing Outliers using IQR for education
[2025-03-15 21:59:46,476] 58 root - INFO - Outliers Removed for education
[2025-03-15 21:59:46,476] 49 root - INFO - Removing Outliers using IQR for education_number
[2025-03-15 21:59:46,476] 58 root - INFO - Outliers Removed for education_number
[2025-03-15 21:59:46,476] 49 root - INFO - Removing Outliers using IQR for education_number
[2025-03-15 21:59:46,476] 58 root - INFO - Outliers Removed for education_number
[2025-03-15 21:59:46,476] 49 root - INFO - Removing Outliers using IQR for marital_status
[2025-03-15 21:59:46,485] 58 root - INFO - Outliers Removed for marital_status
[2025-03-15 21:59:46,485] 49 root - INFO - Removing Outliers using IQR for marital_status
[2025-03-15 21:59:46,485] 58 root - INFO - Outliers Removed for marital_status
[2025-03-15 21:59:46,485] 49 root - INFO - Removing Outliers using IQR for occupation
[2025-03-15 21:59:46,492] 58 root - INFO - Outliers Removed for occupation
[2025-03-15 21:59:46,492] 49 root - INFO - Removing Outliers using IQR for occupation
[2025-03-15 21:59:46,496] 58 root - INFO - Outliers Removed for occupation
[2025-03-15 21:59:46,496] 49 root - INFO - Removing Outliers using IQR for relationship
[2025-03-15 21:59:46,500] 58 root - INFO - Outliers Removed for relationship
[2025-03-15 21:59:46,501] 49 root - INFO - Removing Outliers using IQR for relationship
[2025-03-15 21:59:46,503] 58 root - INFO - Outliers Removed for relationship
[2025-03-15 21:59:46,503] 49 root - INFO - Removing Outliers using IQR for race
[2025-03-15 21:59:46,505] 58 root - INFO - Outliers Removed for race
[2025-03-15 21:59:46,505] 49 root - INFO - Removing Outliers using IQR for race
[2025-03-15 21:59:46,508] 58 root - INFO - Outliers Removed for race
[2025-03-15 21:59:46,508] 49 root - INFO - Removing Outliers using IQR for sex
[2025-03-15 21:59:46,510] 58 root - INFO - Outliers Removed for sex
[2025-03-15 21:59:46,510] 49 root - INFO - Removing Outliers using IQR for sex
[2025-03-15 21:59:46,512] 58 root - INFO - Outliers Removed for sex
[2025-03-15 21:59:46,512] 49 root - INFO - Removing Outliers using IQR for capital_gain
[2025-03-15 21:59:46,514] 58 root - INFO - Outliers Removed for capital_gain
[2025-03-15 21:59:46,514] 49 root - INFO - Removing Outliers using IQR for capital_gain
[2025-03-15 21:59:46,516] 58 root - INFO - Outliers Removed for capital_gain
[2025-03-15 21:59:46,516] 49 root - INFO - Removing Outliers using IQR for capital_loss
[2025-03-15 21:59:46,520] 58 root - INFO - Outliers Removed for capital_loss
[2025-03-15 21:59:46,520] 49 root - INFO - Removing Outliers using IQR for capital_loss
[2025-03-15 21:59:46,520] 58 root - INFO - Outliers Removed for capital_loss
[2025-03-15 21:59:46,520] 49 root - INFO - Removing Outliers using IQR for hours_per_week
[2025-03-15 21:59:46,520] 58 root - INFO - Outliers Removed for hours_per_week
[2025-03-15 21:59:46,520] 49 root - INFO - Removing Outliers using IQR for hours_per_week
[2025-03-15 21:59:46,520] 58 root - INFO - Outliers Removed for hours_per_week
[2025-03-15 21:59:46,520] 49 root - INFO - Removing Outliers using IQR for native_country
[2025-03-15 21:59:46,520] 58 root - INFO - Outliers Removed for native_country
[2025-03-15 21:59:46,520] 49 root - INFO - Removing Outliers using IQR for native_country
[2025-03-15 21:59:46,535] 58 root - INFO - Outliers Removed for native_country
[2025-03-15 21:59:46,535] 24 root - INFO - Initiating Data Transformation
[2025-03-15 21:59:46,535] 89 root - INFO - Splitting train data into dependent and independent features
[2025-03-15 21:59:46,537] 93 root - INFO - Splitting test data into dependent and independent features
