[2025-03-16 12:49:17,049] 24 root - INFO - Initiating Data Ingestion
[2025-03-16 12:49:17,049] 26 root - INFO - Data Reading using Pandas
[2025-03-16 12:49:17,066] 28 root - INFO - Data Ingested
[2025-03-16 12:49:17,122] 32 root - INFO - Data Splitted into Train and Test
[2025-03-16 12:49:17,173] 35 root - INFO - Data Ingestion Successful
[2025-03-16 12:49:17,173] 69 root - INFO - Initiating Data Transformation
[2025-03-16 12:49:17,214] 49 root - INFO - Removing Outliers using IQR for age
[2025-03-16 12:49:17,220] 58 root - INFO - Outliers Removed for age
[2025-03-16 12:49:17,220] 49 root - INFO - Removing Outliers using IQR for age
[2025-03-16 12:49:17,222] 58 root - INFO - Outliers Removed for age
[2025-03-16 12:49:17,225] 49 root - INFO - Removing Outliers using IQR for workclass
[2025-03-16 12:49:17,227] 58 root - INFO - Outliers Removed for workclass
[2025-03-16 12:49:17,227] 49 root - INFO - Removing Outliers using IQR for workclass
[2025-03-16 12:49:17,230] 58 root - INFO - Outliers Removed for workclass
[2025-03-16 12:49:17,230] 49 root - INFO - Removing Outliers using IQR for education
[2025-03-16 12:49:17,232] 58 root - INFO - Outliers Removed for education
[2025-03-16 12:49:17,232] 49 root - INFO - Removing Outliers using IQR for education
[2025-03-16 12:49:17,233] 58 root - INFO - Outliers Removed for education
[2025-03-16 12:49:17,234] 49 root - INFO - Removing Outliers using IQR for education_number
[2025-03-16 12:49:17,236] 58 root - INFO - Outliers Removed for education_number
[2025-03-16 12:49:17,236] 49 root - INFO - Removing Outliers using IQR for education_number
[2025-03-16 12:49:17,237] 58 root - INFO - Outliers Removed for education_number
[2025-03-16 12:49:17,237] 49 root - INFO - Removing Outliers using IQR for marital_status
[2025-03-16 12:49:17,237] 58 root - INFO - Outliers Removed for marital_status
[2025-03-16 12:49:17,237] 49 root - INFO - Removing Outliers using IQR for marital_status
[2025-03-16 12:49:17,237] 58 root - INFO - Outliers Removed for marital_status
[2025-03-16 12:49:17,237] 49 root - INFO - Removing Outliers using IQR for occupation
[2025-03-16 12:49:17,237] 58 root - INFO - Outliers Removed for occupation
[2025-03-16 12:49:17,237] 49 root - INFO - Removing Outliers using IQR for occupation
[2025-03-16 12:49:17,244] 58 root - INFO - Outliers Removed for occupation
[2025-03-16 12:49:17,244] 49 root - INFO - Removing Outliers using IQR for relationship
[2025-03-16 12:49:17,244] 58 root - INFO - Outliers Removed for relationship
[2025-03-16 12:49:17,244] 49 root - INFO - Removing Outliers using IQR for relationship
[2025-03-16 12:49:17,246] 58 root - INFO - Outliers Removed for relationship
[2025-03-16 12:49:17,246] 49 root - INFO - Removing Outliers using IQR for race
[2025-03-16 12:49:17,246] 58 root - INFO - Outliers Removed for race
[2025-03-16 12:49:17,246] 49 root - INFO - Removing Outliers using IQR for race
[2025-03-16 12:49:17,246] 58 root - INFO - Outliers Removed for race
[2025-03-16 12:49:17,246] 49 root - INFO - Removing Outliers using IQR for sex
[2025-03-16 12:49:17,252] 58 root - INFO - Outliers Removed for sex
[2025-03-16 12:49:17,252] 49 root - INFO - Removing Outliers using IQR for sex
[2025-03-16 12:49:17,253] 58 root - INFO - Outliers Removed for sex
[2025-03-16 12:49:17,253] 49 root - INFO - Removing Outliers using IQR for capital_gain
[2025-03-16 12:49:17,254] 58 root - INFO - Outliers Removed for capital_gain
[2025-03-16 12:49:17,254] 49 root - INFO - Removing Outliers using IQR for capital_gain
[2025-03-16 12:49:17,256] 58 root - INFO - Outliers Removed for capital_gain
[2025-03-16 12:49:17,256] 49 root - INFO - Removing Outliers using IQR for capital_loss
[2025-03-16 12:49:17,257] 58 root - INFO - Outliers Removed for capital_loss
[2025-03-16 12:49:17,257] 49 root - INFO - Removing Outliers using IQR for capital_loss
[2025-03-16 12:49:17,258] 58 root - INFO - Outliers Removed for capital_loss
[2025-03-16 12:49:17,258] 49 root - INFO - Removing Outliers using IQR for hours_per_week
[2025-03-16 12:49:17,259] 58 root - INFO - Outliers Removed for hours_per_week
[2025-03-16 12:49:17,259] 49 root - INFO - Removing Outliers using IQR for hours_per_week
[2025-03-16 12:49:17,260] 58 root - INFO - Outliers Removed for hours_per_week
[2025-03-16 12:49:17,260] 49 root - INFO - Removing Outliers using IQR for native_country
[2025-03-16 12:49:17,262] 58 root - INFO - Outliers Removed for native_country
[2025-03-16 12:49:17,262] 49 root - INFO - Removing Outliers using IQR for native_country
[2025-03-16 12:49:17,263] 58 root - INFO - Outliers Removed for native_country
[2025-03-16 12:49:17,263] 24 root - INFO - Initiating Data Transformation
[2025-03-16 12:49:17,263] 89 root - INFO - Splitting train data into dependent and independent features
[2025-03-16 12:49:17,264] 93 root - INFO - Splitting test data into dependent and independent features
[2025-03-16 12:49:17,288] 28 root - INFO - Splitting our data into dependent and independent features
[2025-03-16 12:49:17,288] 21 root - INFO - Starting model evaluation...
[2025-03-16 12:49:17,288] 25 root - INFO - Applying SMOTE to balance training data...
[2025-03-16 12:49:17,371] 28 root - INFO - Training data after SMOTE: (34484, 13), Labels: (34484,)
[2025-03-16 12:49:17,371] 31 root - INFO - Evaluating model: LogisticRegression
[2025-03-16 12:49:17,371] 34 root - INFO - Performing Grid Search for hyperparameter tuning...
[2025-03-16 12:49:26,389] 39 root - INFO - Best parameters for LogisticRegression: {'C': 0.001, 'class_weight': 'balanced', 'max_iter': 100, 'penalty': 'l2', 'solver': 'liblinear'}
[2025-03-16 12:49:26,404] 46 root - INFO - Metrics for LogisticRegression: 0.7290514238885474
[2025-03-16 12:49:26,404] 31 root - INFO - Evaluating model: DecisionTree
[2025-03-16 12:49:26,404] 34 root - INFO - Performing Grid Search for hyperparameter tuning...
[2025-03-16 12:49:30,419] 39 root - INFO - Best parameters for DecisionTree: {'class_weight': 'balanced', 'criterion': 'gini', 'max_depth': 6, 'max_features': 'log2', 'min_samples_leaf': 1, 'min_samples_split': 5, 'splitter': 'best'}
[2025-03-16 12:49:30,429] 46 root - INFO - Metrics for DecisionTree: 0.7447244417127638
[2025-03-16 12:49:30,429] 31 root - INFO - Evaluating model: RandomForest
[2025-03-16 12:49:30,429] 34 root - INFO - Performing Grid Search for hyperparameter tuning...
[2025-03-16 12:49:34,690] 39 root - INFO - Best parameters for RandomForest: {'class_weight': 'balanced', 'max_depth': 10, 'min_samples_split': 2, 'n_estimators': 50}
[2025-03-16 12:49:35,197] 46 root - INFO - Metrics for RandomForest: 0.7845728334357713
[2025-03-16 12:49:35,197] 48 root - INFO - Model evaluation completed successfully.
[2025-03-16 12:49:35,197] 79 root - INFO - Best Model: RandomForest, accuracy: (0.7845728334357713,)
