[2025-03-16 15:28:41,157] 24 root - INFO - Initiating Data Ingestion
[2025-03-16 15:28:41,157] 26 root - INFO - Data Reading using Pandas
[2025-03-16 15:28:41,193] 28 root - INFO - Data Ingested
[2025-03-16 15:28:41,308] 32 root - INFO - Data Splitted into Train and Test
[2025-03-16 15:28:41,414] 35 root - INFO - Data Ingestion Successful
[2025-03-16 15:28:41,416] 69 root - INFO - Initiating Data Transformation
[2025-03-16 15:28:41,519] 49 root - INFO - Removing Outliers using IQR for age
[2025-03-16 15:28:41,525] 58 root - INFO - Outliers Removed for age
[2025-03-16 15:28:41,525] 49 root - INFO - Removing Outliers using IQR for age
[2025-03-16 15:28:41,529] 58 root - INFO - Outliers Removed for age
[2025-03-16 15:28:41,533] 49 root - INFO - Removing Outliers using IQR for workclass
[2025-03-16 15:28:41,535] 58 root - INFO - Outliers Removed for workclass
[2025-03-16 15:28:41,535] 49 root - INFO - Removing Outliers using IQR for workclass
[2025-03-16 15:28:41,540] 58 root - INFO - Outliers Removed for workclass
[2025-03-16 15:28:41,540] 49 root - INFO - Removing Outliers using IQR for education
[2025-03-16 15:28:41,543] 58 root - INFO - Outliers Removed for education
[2025-03-16 15:28:41,543] 49 root - INFO - Removing Outliers using IQR for education
[2025-03-16 15:28:41,547] 58 root - INFO - Outliers Removed for education
[2025-03-16 15:28:41,547] 49 root - INFO - Removing Outliers using IQR for education_number
[2025-03-16 15:28:41,551] 58 root - INFO - Outliers Removed for education_number
[2025-03-16 15:28:41,551] 49 root - INFO - Removing Outliers using IQR for education_number
[2025-03-16 15:28:41,553] 58 root - INFO - Outliers Removed for education_number
[2025-03-16 15:28:41,553] 49 root - INFO - Removing Outliers using IQR for marital_status
[2025-03-16 15:28:41,556] 58 root - INFO - Outliers Removed for marital_status
[2025-03-16 15:28:41,556] 49 root - INFO - Removing Outliers using IQR for marital_status
[2025-03-16 15:28:41,560] 58 root - INFO - Outliers Removed for marital_status
[2025-03-16 15:28:41,560] 49 root - INFO - Removing Outliers using IQR for occupation
[2025-03-16 15:28:41,565] 58 root - INFO - Outliers Removed for occupation
[2025-03-16 15:28:41,565] 49 root - INFO - Removing Outliers using IQR for occupation
[2025-03-16 15:28:41,567] 58 root - INFO - Outliers Removed for occupation
[2025-03-16 15:28:41,567] 49 root - INFO - Removing Outliers using IQR for relationship
[2025-03-16 15:28:41,569] 58 root - INFO - Outliers Removed for relationship
[2025-03-16 15:28:41,569] 49 root - INFO - Removing Outliers using IQR for relationship
[2025-03-16 15:28:41,571] 58 root - INFO - Outliers Removed for relationship
[2025-03-16 15:28:41,571] 49 root - INFO - Removing Outliers using IQR for race
[2025-03-16 15:28:41,571] 58 root - INFO - Outliers Removed for race
[2025-03-16 15:28:41,577] 49 root - INFO - Removing Outliers using IQR for race
[2025-03-16 15:28:41,579] 58 root - INFO - Outliers Removed for race
[2025-03-16 15:28:41,579] 49 root - INFO - Removing Outliers using IQR for sex
[2025-03-16 15:28:41,579] 58 root - INFO - Outliers Removed for sex
[2025-03-16 15:28:41,579] 49 root - INFO - Removing Outliers using IQR for sex
[2025-03-16 15:28:41,579] 58 root - INFO - Outliers Removed for sex
[2025-03-16 15:28:41,579] 49 root - INFO - Removing Outliers using IQR for capital_gain
[2025-03-16 15:28:41,588] 58 root - INFO - Outliers Removed for capital_gain
[2025-03-16 15:28:41,588] 49 root - INFO - Removing Outliers using IQR for capital_gain
[2025-03-16 15:28:41,589] 58 root - INFO - Outliers Removed for capital_gain
[2025-03-16 15:28:41,591] 49 root - INFO - Removing Outliers using IQR for capital_loss
[2025-03-16 15:28:41,593] 58 root - INFO - Outliers Removed for capital_loss
[2025-03-16 15:28:41,593] 49 root - INFO - Removing Outliers using IQR for capital_loss
[2025-03-16 15:28:41,595] 58 root - INFO - Outliers Removed for capital_loss
[2025-03-16 15:28:41,596] 49 root - INFO - Removing Outliers using IQR for hours_per_week
[2025-03-16 15:28:41,599] 58 root - INFO - Outliers Removed for hours_per_week
[2025-03-16 15:28:41,599] 49 root - INFO - Removing Outliers using IQR for hours_per_week
[2025-03-16 15:28:41,600] 58 root - INFO - Outliers Removed for hours_per_week
[2025-03-16 15:28:41,600] 49 root - INFO - Removing Outliers using IQR for native_country
[2025-03-16 15:28:41,602] 58 root - INFO - Outliers Removed for native_country
[2025-03-16 15:28:41,602] 49 root - INFO - Removing Outliers using IQR for native_country
[2025-03-16 15:28:41,604] 58 root - INFO - Outliers Removed for native_country
[2025-03-16 15:28:41,605] 24 root - INFO - Initiating Data Transformation
[2025-03-16 15:28:41,605] 89 root - INFO - Splitting train data into dependent and independent features
[2025-03-16 15:28:41,607] 93 root - INFO - Splitting test data into dependent and independent features
[2025-03-16 15:28:41,660] 28 root - INFO - Splitting our data into dependent and independent features
[2025-03-16 15:28:41,660] 21 root - INFO - Starting model evaluation...
[2025-03-16 15:28:41,660] 25 root - INFO - Applying SMOTE to balance training data...
[2025-03-16 15:28:41,825] 28 root - INFO - Training data after SMOTE: (34484, 13), Labels: (34484,)
[2025-03-16 15:28:41,826] 31 root - INFO - Evaluating model: LogisticRegression
[2025-03-16 15:28:41,826] 34 root - INFO - Performing Grid Search for hyperparameter tuning...
[2025-03-16 15:28:56,769] 39 root - INFO - Best parameters for LogisticRegression: {'C': 0.001, 'class_weight': 'balanced', 'max_iter': 100, 'penalty': 'l2', 'solver': 'liblinear'}
[2025-03-16 15:28:56,809] 46 root - INFO - Metrics for LogisticRegression: 0.7290514238885474
[2025-03-16 15:28:56,809] 31 root - INFO - Evaluating model: DecisionTree
[2025-03-16 15:28:56,809] 34 root - INFO - Performing Grid Search for hyperparameter tuning...
[2025-03-16 15:29:04,790] 39 root - INFO - Best parameters for DecisionTree: {'class_weight': 'balanced', 'criterion': 'gini', 'max_depth': 6, 'max_features': 'log2', 'min_samples_leaf': 1, 'min_samples_split': 2, 'splitter': 'best'}
[2025-03-16 15:29:04,827] 46 root - INFO - Metrics for DecisionTree: 0.7634706002868265
[2025-03-16 15:29:04,827] 31 root - INFO - Evaluating model: RandomForest
[2025-03-16 15:29:04,827] 34 root - INFO - Performing Grid Search for hyperparameter tuning...
[2025-03-16 15:29:18,287] 39 root - INFO - Best parameters for RandomForest: {'class_weight': 'balanced', 'max_depth': 10, 'min_samples_split': 2, 'n_estimators': 30}
[2025-03-16 15:29:18,855] 46 root - INFO - Metrics for RandomForest: 0.787338660110633
[2025-03-16 15:29:18,855] 48 root - INFO - Model evaluation completed successfully.
[2025-03-16 15:29:18,855] 79 root - INFO - Best Model: RandomForest, accuracy: (0.787338660110633,)
