[2025-03-16 11:49:14,220] 24 root - INFO - Initiating Data Ingestion
[2025-03-16 11:49:14,220] 26 root - INFO - Data Reading using Pandas
[2025-03-16 11:49:14,252] 28 root - INFO - Data Ingested
[2025-03-16 11:49:14,387] 32 root - INFO - Data Splitted into Train and Test
[2025-03-16 11:49:14,494] 35 root - INFO - Data Ingestion Successful
[2025-03-16 11:49:14,494] 69 root - INFO - Initiating Data Transformation
[2025-03-16 11:49:14,586] 49 root - INFO - Removing Outliers using IQR for age
[2025-03-16 11:49:14,599] 58 root - INFO - Outliers Removed for age
[2025-03-16 11:49:14,599] 49 root - INFO - Removing Outliers using IQR for age
[2025-03-16 11:49:14,599] 58 root - INFO - Outliers Removed for age
[2025-03-16 11:49:14,605] 49 root - INFO - Removing Outliers using IQR for workclass
[2025-03-16 11:49:14,606] 58 root - INFO - Outliers Removed for workclass
[2025-03-16 11:49:14,606] 49 root - INFO - Removing Outliers using IQR for workclass
[2025-03-16 11:49:14,611] 58 root - INFO - Outliers Removed for workclass
[2025-03-16 11:49:14,611] 49 root - INFO - Removing Outliers using IQR for education
[2025-03-16 11:49:14,611] 58 root - INFO - Outliers Removed for education
[2025-03-16 11:49:14,611] 49 root - INFO - Removing Outliers using IQR for education
[2025-03-16 11:49:14,611] 58 root - INFO - Outliers Removed for education
[2025-03-16 11:49:14,611] 49 root - INFO - Removing Outliers using IQR for education_number
[2025-03-16 11:49:14,611] 58 root - INFO - Outliers Removed for education_number
[2025-03-16 11:49:14,611] 49 root - INFO - Removing Outliers using IQR for education_number
[2025-03-16 11:49:14,611] 58 root - INFO - Outliers Removed for education_number
[2025-03-16 11:49:14,611] 49 root - INFO - Removing Outliers using IQR for marital_status
[2025-03-16 11:49:14,611] 58 root - INFO - Outliers Removed for marital_status
[2025-03-16 11:49:14,611] 49 root - INFO - Removing Outliers using IQR for marital_status
[2025-03-16 11:49:14,611] 58 root - INFO - Outliers Removed for marital_status
[2025-03-16 11:49:14,611] 49 root - INFO - Removing Outliers using IQR for occupation
[2025-03-16 11:49:14,627] 58 root - INFO - Outliers Removed for occupation
[2025-03-16 11:49:14,627] 49 root - INFO - Removing Outliers using IQR for occupation
[2025-03-16 11:49:14,627] 58 root - INFO - Outliers Removed for occupation
[2025-03-16 11:49:14,627] 49 root - INFO - Removing Outliers using IQR for relationship
[2025-03-16 11:49:14,627] 58 root - INFO - Outliers Removed for relationship
[2025-03-16 11:49:14,627] 49 root - INFO - Removing Outliers using IQR for relationship
[2025-03-16 11:49:14,627] 58 root - INFO - Outliers Removed for relationship
[2025-03-16 11:49:14,627] 49 root - INFO - Removing Outliers using IQR for race
[2025-03-16 11:49:14,627] 58 root - INFO - Outliers Removed for race
[2025-03-16 11:49:14,627] 49 root - INFO - Removing Outliers using IQR for race
[2025-03-16 11:49:14,627] 58 root - INFO - Outliers Removed for race
[2025-03-16 11:49:14,627] 49 root - INFO - Removing Outliers using IQR for sex
[2025-03-16 11:49:14,627] 58 root - INFO - Outliers Removed for sex
[2025-03-16 11:49:14,627] 49 root - INFO - Removing Outliers using IQR for sex
[2025-03-16 11:49:14,627] 58 root - INFO - Outliers Removed for sex
[2025-03-16 11:49:14,627] 49 root - INFO - Removing Outliers using IQR for capital_gain
[2025-03-16 11:49:14,643] 58 root - INFO - Outliers Removed for capital_gain
[2025-03-16 11:49:14,643] 49 root - INFO - Removing Outliers using IQR for capital_gain
[2025-03-16 11:49:14,643] 58 root - INFO - Outliers Removed for capital_gain
[2025-03-16 11:49:14,643] 49 root - INFO - Removing Outliers using IQR for capital_loss
[2025-03-16 11:49:14,643] 58 root - INFO - Outliers Removed for capital_loss
[2025-03-16 11:49:14,643] 49 root - INFO - Removing Outliers using IQR for capital_loss
[2025-03-16 11:49:14,643] 58 root - INFO - Outliers Removed for capital_loss
[2025-03-16 11:49:14,643] 49 root - INFO - Removing Outliers using IQR for hours_per_week
[2025-03-16 11:49:14,643] 58 root - INFO - Outliers Removed for hours_per_week
[2025-03-16 11:49:14,643] 49 root - INFO - Removing Outliers using IQR for hours_per_week
[2025-03-16 11:49:14,643] 58 root - INFO - Outliers Removed for hours_per_week
[2025-03-16 11:49:14,643] 49 root - INFO - Removing Outliers using IQR for native_country
[2025-03-16 11:49:14,643] 58 root - INFO - Outliers Removed for native_country
[2025-03-16 11:49:14,643] 49 root - INFO - Removing Outliers using IQR for native_country
[2025-03-16 11:49:14,643] 58 root - INFO - Outliers Removed for native_country
[2025-03-16 11:49:14,643] 24 root - INFO - Initiating Data Transformation
[2025-03-16 11:49:14,659] 89 root - INFO - Splitting train data into dependent and independent features
[2025-03-16 11:49:14,661] 93 root - INFO - Splitting test data into dependent and independent features
[2025-03-16 11:49:14,706] 28 root - INFO - Splitting our data into dependent and independent features
[2025-03-16 11:49:14,706] 27 root - INFO - Applying SMOTE to balance data...
[2025-03-16 11:49:14,894] 32 root - INFO - Evaluating model: LogisticRegression
[2025-03-16 11:49:14,894] 35 root - INFO - Performing Grid Search for hyperparameter tuning...
[2025-03-16 11:49:29,830] 40 root - INFO - Best parameters for LogisticRegression: {'C': 0.001, 'class_weight': 'balanced', 'max_iter': 100, 'penalty': 'l2', 'solver': 'liblinear'}
[2025-03-16 11:49:29,874] 56 root - ERROR - Error in evaluate_model: This LogisticRegression instance is not fitted yet. Call 'fit' with appropriate arguments before using this estimator.
[2025-03-16 11:49:29,874] 88 root - ERROR - Error in Model Training: Error occurred in Python file [e:\end to end ml project\end--to-end-ml\src\utils.py] at line [44]: This LogisticRegression instance is not fitted yet. Call 'fit' with appropriate arguments before using this estimator.
