[2025-03-16 12:33:05,745] 24 root - INFO - Initiating Data Ingestion
[2025-03-16 12:33:05,745] 26 root - INFO - Data Reading using Pandas
[2025-03-16 12:33:05,761] 28 root - INFO - Data Ingested
[2025-03-16 12:33:05,824] 32 root - INFO - Data Splitted into Train and Test
[2025-03-16 12:33:05,872] 35 root - INFO - Data Ingestion Successful
[2025-03-16 12:33:05,872] 69 root - INFO - Initiating Data Transformation
[2025-03-16 12:33:05,904] 49 root - INFO - Removing Outliers using IQR for age
[2025-03-16 12:33:05,919] 58 root - INFO - Outliers Removed for age
[2025-03-16 12:33:05,919] 49 root - INFO - Removing Outliers using IQR for age
[2025-03-16 12:33:05,919] 58 root - INFO - Outliers Removed for age
[2025-03-16 12:33:05,919] 49 root - INFO - Removing Outliers using IQR for workclass
[2025-03-16 12:33:05,919] 58 root - INFO - Outliers Removed for workclass
[2025-03-16 12:33:05,919] 49 root - INFO - Removing Outliers using IQR for workclass
[2025-03-16 12:33:05,919] 58 root - INFO - Outliers Removed for workclass
[2025-03-16 12:33:05,919] 49 root - INFO - Removing Outliers using IQR for education
[2025-03-16 12:33:05,919] 58 root - INFO - Outliers Removed for education
[2025-03-16 12:33:05,919] 49 root - INFO - Removing Outliers using IQR for education
[2025-03-16 12:33:05,919] 58 root - INFO - Outliers Removed for education
[2025-03-16 12:33:05,919] 49 root - INFO - Removing Outliers using IQR for education_number
[2025-03-16 12:33:05,919] 58 root - INFO - Outliers Removed for education_number
[2025-03-16 12:33:05,919] 49 root - INFO - Removing Outliers using IQR for education_number
[2025-03-16 12:33:05,919] 58 root - INFO - Outliers Removed for education_number
[2025-03-16 12:33:05,919] 49 root - INFO - Removing Outliers using IQR for marital_status
[2025-03-16 12:33:05,919] 58 root - INFO - Outliers Removed for marital_status
[2025-03-16 12:33:05,919] 49 root - INFO - Removing Outliers using IQR for marital_status
[2025-03-16 12:33:05,919] 58 root - INFO - Outliers Removed for marital_status
[2025-03-16 12:33:05,919] 49 root - INFO - Removing Outliers using IQR for occupation
[2025-03-16 12:33:05,919] 58 root - INFO - Outliers Removed for occupation
[2025-03-16 12:33:05,919] 49 root - INFO - Removing Outliers using IQR for occupation
[2025-03-16 12:33:05,919] 58 root - INFO - Outliers Removed for occupation
[2025-03-16 12:33:05,919] 49 root - INFO - Removing Outliers using IQR for relationship
[2025-03-16 12:33:05,935] 58 root - INFO - Outliers Removed for relationship
[2025-03-16 12:33:05,935] 49 root - INFO - Removing Outliers using IQR for relationship
[2025-03-16 12:33:05,935] 58 root - INFO - Outliers Removed for relationship
[2025-03-16 12:33:05,935] 49 root - INFO - Removing Outliers using IQR for race
[2025-03-16 12:33:05,935] 58 root - INFO - Outliers Removed for race
[2025-03-16 12:33:05,935] 49 root - INFO - Removing Outliers using IQR for race
[2025-03-16 12:33:05,935] 58 root - INFO - Outliers Removed for race
[2025-03-16 12:33:05,935] 49 root - INFO - Removing Outliers using IQR for sex
[2025-03-16 12:33:05,935] 58 root - INFO - Outliers Removed for sex
[2025-03-16 12:33:05,935] 49 root - INFO - Removing Outliers using IQR for sex
[2025-03-16 12:33:05,935] 58 root - INFO - Outliers Removed for sex
[2025-03-16 12:33:05,935] 49 root - INFO - Removing Outliers using IQR for capital_gain
[2025-03-16 12:33:05,935] 58 root - INFO - Outliers Removed for capital_gain
[2025-03-16 12:33:05,935] 49 root - INFO - Removing Outliers using IQR for capital_gain
[2025-03-16 12:33:05,935] 58 root - INFO - Outliers Removed for capital_gain
[2025-03-16 12:33:05,935] 49 root - INFO - Removing Outliers using IQR for capital_loss
[2025-03-16 12:33:05,935] 58 root - INFO - Outliers Removed for capital_loss
[2025-03-16 12:33:05,935] 49 root - INFO - Removing Outliers using IQR for capital_loss
[2025-03-16 12:33:05,945] 58 root - INFO - Outliers Removed for capital_loss
[2025-03-16 12:33:05,945] 49 root - INFO - Removing Outliers using IQR for hours_per_week
[2025-03-16 12:33:05,945] 58 root - INFO - Outliers Removed for hours_per_week
[2025-03-16 12:33:05,945] 49 root - INFO - Removing Outliers using IQR for hours_per_week
[2025-03-16 12:33:05,945] 58 root - INFO - Outliers Removed for hours_per_week
[2025-03-16 12:33:05,945] 49 root - INFO - Removing Outliers using IQR for native_country
[2025-03-16 12:33:05,945] 58 root - INFO - Outliers Removed for native_country
[2025-03-16 12:33:05,945] 49 root - INFO - Removing Outliers using IQR for native_country
[2025-03-16 12:33:05,945] 58 root - INFO - Outliers Removed for native_country
[2025-03-16 12:33:05,945] 24 root - INFO - Initiating Data Transformation
[2025-03-16 12:33:05,945] 89 root - INFO - Splitting train data into dependent and independent features
[2025-03-16 12:33:05,945] 93 root - INFO - Splitting test data into dependent and independent features
[2025-03-16 12:33:05,967] 28 root - INFO - Splitting our data into dependent and independent features
[2025-03-16 12:33:05,967] 21 root - INFO - Starting model evaluation...
[2025-03-16 12:33:05,967] 25 root - INFO - Applying SMOTE to balance training data...
[2025-03-16 12:33:06,047] 28 root - INFO - Training data after SMOTE: (34484, 13), Labels: (34484,)
[2025-03-16 12:33:06,047] 31 root - INFO - Evaluating model: LogisticRegression
[2025-03-16 12:33:06,047] 34 root - INFO - Performing Grid Search for hyperparameter tuning...
[2025-03-16 12:33:15,474] 39 root - INFO - Best parameters for LogisticRegression: {'C': 0.001, 'class_weight': 'balanced', 'max_iter': 100, 'penalty': 'l2', 'solver': 'liblinear'}
[2025-03-16 12:33:15,489] 46 root - INFO - Metrics for LogisticRegression: 0.7290514238885474
[2025-03-16 12:33:15,489] 31 root - INFO - Evaluating model: DecisionTree
[2025-03-16 12:33:15,489] 34 root - INFO - Performing Grid Search for hyperparameter tuning...
[2025-03-16 12:33:19,465] 39 root - INFO - Best parameters for DecisionTree: {'class_weight': 'balanced', 'criterion': 'gini', 'max_depth': 6, 'max_features': 'sqrt', 'min_samples_leaf': 2, 'min_samples_split': 4, 'splitter': 'best'}
[2025-03-16 12:33:19,486] 46 root - INFO - Metrics for DecisionTree: 0.7309977463634502
[2025-03-16 12:33:19,486] 31 root - INFO - Evaluating model: RandomForest
[2025-03-16 12:33:19,486] 34 root - INFO - Performing Grid Search for hyperparameter tuning...
[2025-03-16 12:33:23,648] 39 root - INFO - Best parameters for RandomForest: {'class_weight': 'balanced', 'max_depth': 10, 'min_samples_split': 2, 'n_estimators': 30}
[2025-03-16 12:33:23,994] 46 root - INFO - Metrics for RandomForest: 0.7834460151608277
[2025-03-16 12:33:23,994] 48 root - INFO - Model evaluation completed successfully.
[2025-03-16 12:33:23,996] 79 root - INFO - Best Model: RandomForest, accuracy: (0.7834460151608277,)
