[2025-03-16 11:51:43,283] 24 root - INFO - Initiating Data Ingestion
[2025-03-16 11:51:43,283] 26 root - INFO - Data Reading using Pandas
[2025-03-16 11:51:43,332] 28 root - INFO - Data Ingested
[2025-03-16 11:51:43,464] 32 root - INFO - Data Splitted into Train and Test
[2025-03-16 11:51:43,567] 35 root - INFO - Data Ingestion Successful
[2025-03-16 11:51:43,567] 69 root - INFO - Initiating Data Transformation
[2025-03-16 11:51:43,675] 49 root - INFO - Removing Outliers using IQR for age
[2025-03-16 11:51:43,680] 58 root - INFO - Outliers Removed for age
[2025-03-16 11:51:43,680] 49 root - INFO - Removing Outliers using IQR for age
[2025-03-16 11:51:43,680] 58 root - INFO - Outliers Removed for age
[2025-03-16 11:51:43,680] 49 root - INFO - Removing Outliers using IQR for workclass
[2025-03-16 11:51:43,693] 58 root - INFO - Outliers Removed for workclass
[2025-03-16 11:51:43,693] 49 root - INFO - Removing Outliers using IQR for workclass
[2025-03-16 11:51:43,697] 58 root - INFO - Outliers Removed for workclass
[2025-03-16 11:51:43,697] 49 root - INFO - Removing Outliers using IQR for education
[2025-03-16 11:51:43,699] 58 root - INFO - Outliers Removed for education
[2025-03-16 11:51:43,699] 49 root - INFO - Removing Outliers using IQR for education
[2025-03-16 11:51:43,701] 58 root - INFO - Outliers Removed for education
[2025-03-16 11:51:43,701] 49 root - INFO - Removing Outliers using IQR for education_number
[2025-03-16 11:51:43,706] 58 root - INFO - Outliers Removed for education_number
[2025-03-16 11:51:43,706] 49 root - INFO - Removing Outliers using IQR for education_number
[2025-03-16 11:51:43,708] 58 root - INFO - Outliers Removed for education_number
[2025-03-16 11:51:43,708] 49 root - INFO - Removing Outliers using IQR for marital_status
[2025-03-16 11:51:43,713] 58 root - INFO - Outliers Removed for marital_status
[2025-03-16 11:51:43,713] 49 root - INFO - Removing Outliers using IQR for marital_status
[2025-03-16 11:51:43,716] 58 root - INFO - Outliers Removed for marital_status
[2025-03-16 11:51:43,716] 49 root - INFO - Removing Outliers using IQR for occupation
[2025-03-16 11:51:43,717] 58 root - INFO - Outliers Removed for occupation
[2025-03-16 11:51:43,717] 49 root - INFO - Removing Outliers using IQR for occupation
[2025-03-16 11:51:43,719] 58 root - INFO - Outliers Removed for occupation
[2025-03-16 11:51:43,719] 49 root - INFO - Removing Outliers using IQR for relationship
[2025-03-16 11:51:43,724] 58 root - INFO - Outliers Removed for relationship
[2025-03-16 11:51:43,724] 49 root - INFO - Removing Outliers using IQR for relationship
[2025-03-16 11:51:43,726] 58 root - INFO - Outliers Removed for relationship
[2025-03-16 11:51:43,726] 49 root - INFO - Removing Outliers using IQR for race
[2025-03-16 11:51:43,728] 58 root - INFO - Outliers Removed for race
[2025-03-16 11:51:43,728] 49 root - INFO - Removing Outliers using IQR for race
[2025-03-16 11:51:43,731] 58 root - INFO - Outliers Removed for race
[2025-03-16 11:51:43,732] 49 root - INFO - Removing Outliers using IQR for sex
[2025-03-16 11:51:43,734] 58 root - INFO - Outliers Removed for sex
[2025-03-16 11:51:43,734] 49 root - INFO - Removing Outliers using IQR for sex
[2025-03-16 11:51:43,737] 58 root - INFO - Outliers Removed for sex
[2025-03-16 11:51:43,737] 49 root - INFO - Removing Outliers using IQR for capital_gain
[2025-03-16 11:51:43,739] 58 root - INFO - Outliers Removed for capital_gain
[2025-03-16 11:51:43,739] 49 root - INFO - Removing Outliers using IQR for capital_gain
[2025-03-16 11:51:43,741] 58 root - INFO - Outliers Removed for capital_gain
[2025-03-16 11:51:43,741] 49 root - INFO - Removing Outliers using IQR for capital_loss
[2025-03-16 11:51:43,747] 58 root - INFO - Outliers Removed for capital_loss
[2025-03-16 11:51:43,747] 49 root - INFO - Removing Outliers using IQR for capital_loss
[2025-03-16 11:51:43,748] 58 root - INFO - Outliers Removed for capital_loss
[2025-03-16 11:51:43,748] 49 root - INFO - Removing Outliers using IQR for hours_per_week
[2025-03-16 11:51:43,753] 58 root - INFO - Outliers Removed for hours_per_week
[2025-03-16 11:51:43,753] 49 root - INFO - Removing Outliers using IQR for hours_per_week
[2025-03-16 11:51:43,755] 58 root - INFO - Outliers Removed for hours_per_week
[2025-03-16 11:51:43,755] 49 root - INFO - Removing Outliers using IQR for native_country
[2025-03-16 11:51:43,755] 58 root - INFO - Outliers Removed for native_country
[2025-03-16 11:51:43,755] 49 root - INFO - Removing Outliers using IQR for native_country
[2025-03-16 11:51:43,761] 58 root - INFO - Outliers Removed for native_country
[2025-03-16 11:51:43,761] 24 root - INFO - Initiating Data Transformation
[2025-03-16 11:51:43,761] 89 root - INFO - Splitting train data into dependent and independent features
[2025-03-16 11:51:43,766] 93 root - INFO - Splitting test data into dependent and independent features
[2025-03-16 11:51:43,820] 28 root - INFO - Splitting our data into dependent and independent features
[2025-03-16 11:51:43,820] 21 root - INFO - Starting model evaluation...
[2025-03-16 11:51:43,820] 25 root - INFO - Applying SMOTE to balance training data...
[2025-03-16 11:51:43,983] 28 root - INFO - Training data after SMOTE: (34484, 13), Labels: (34484,)
[2025-03-16 11:51:43,983] 31 root - INFO - Evaluating model: LogisticRegression
[2025-03-16 11:51:43,983] 34 root - INFO - Performing Grid Search for hyperparameter tuning...
[2025-03-16 11:51:58,594] 39 root - INFO - Best parameters for LogisticRegression: {'C': 0.001, 'class_weight': 'balanced', 'max_iter': 100, 'penalty': 'l2', 'solver': 'liblinear'}
[2025-03-16 11:51:58,630] 48 root - INFO - Metrics for LogisticRegression: 0.7290514238885474
[2025-03-16 11:51:58,630] 31 root - INFO - Evaluating model: DecisionTree
[2025-03-16 11:51:58,630] 34 root - INFO - Performing Grid Search for hyperparameter tuning...
[2025-03-16 11:52:04,535] 39 root - INFO - Best parameters for DecisionTree: {'class_weight': 'balanced', 'criterion': 'log_loss', 'max_depth': 6, 'max_features': 'log2', 'min_samples_leaf': 3, 'min_samples_split': 3, 'splitter': 'best'}
[2025-03-16 11:52:04,567] 48 root - INFO - Metrics for DecisionTree: 0.7545584921122721
[2025-03-16 11:52:04,567] 31 root - INFO - Evaluating model: RandomForest
[2025-03-16 11:52:04,567] 34 root - INFO - Performing Grid Search for hyperparameter tuning...
[2025-03-16 12:22:11,990] 39 root - INFO - Best parameters for RandomForest: {'bootstrap': True, 'criterion': 'entropy', 'max_depth': 20, 'max_features': 'log2', 'min_samples_leaf': 1, 'min_samples_split': 2, 'n_estimators': 300}
[2025-03-16 12:22:18,796] 48 root - INFO - Metrics for RandomForest: 0.8029092399098545
[2025-03-16 12:22:18,796] 50 root - INFO - Model evaluation completed successfully.
[2025-03-16 12:22:18,811] 88 root - ERROR - Error in Model Training: '<' not supported between instances of 'dict' and 'dict'
