[2025-03-16 11:28:27,978] 24 root - INFO - Initiating Data Ingestion
[2025-03-16 11:28:27,978] 26 root - INFO - Data Reading using Pandas
[2025-03-16 11:28:28,045] 28 root - INFO - Data Ingested
[2025-03-16 11:28:28,156] 32 root - INFO - Data Splitted into Train and Test
[2025-03-16 11:28:28,255] 35 root - INFO - Data Ingestion Successful
[2025-03-16 11:28:28,255] 69 root - INFO - Initiating Data Transformation
[2025-03-16 11:28:28,355] 49 root - INFO - Removing Outliers using IQR for age
[2025-03-16 11:28:28,365] 58 root - INFO - Outliers Removed for age
[2025-03-16 11:28:28,367] 49 root - INFO - Removing Outliers using IQR for age
[2025-03-16 11:28:28,367] 58 root - INFO - Outliers Removed for age
[2025-03-16 11:28:28,367] 49 root - INFO - Removing Outliers using IQR for workclass
[2025-03-16 11:28:28,367] 58 root - INFO - Outliers Removed for workclass
[2025-03-16 11:28:28,367] 49 root - INFO - Removing Outliers using IQR for workclass
[2025-03-16 11:28:28,367] 58 root - INFO - Outliers Removed for workclass
[2025-03-16 11:28:28,367] 49 root - INFO - Removing Outliers using IQR for education
[2025-03-16 11:28:28,377] 58 root - INFO - Outliers Removed for education
[2025-03-16 11:28:28,377] 49 root - INFO - Removing Outliers using IQR for education
[2025-03-16 11:28:28,378] 58 root - INFO - Outliers Removed for education
[2025-03-16 11:28:28,378] 49 root - INFO - Removing Outliers using IQR for education_number
[2025-03-16 11:28:28,380] 58 root - INFO - Outliers Removed for education_number
[2025-03-16 11:28:28,380] 49 root - INFO - Removing Outliers using IQR for education_number
[2025-03-16 11:28:28,380] 58 root - INFO - Outliers Removed for education_number
[2025-03-16 11:28:28,380] 49 root - INFO - Removing Outliers using IQR for marital_status
[2025-03-16 11:28:28,380] 58 root - INFO - Outliers Removed for marital_status
[2025-03-16 11:28:28,380] 49 root - INFO - Removing Outliers using IQR for marital_status
[2025-03-16 11:28:28,390] 58 root - INFO - Outliers Removed for marital_status
[2025-03-16 11:28:28,390] 49 root - INFO - Removing Outliers using IQR for occupation
[2025-03-16 11:28:28,395] 58 root - INFO - Outliers Removed for occupation
[2025-03-16 11:28:28,395] 49 root - INFO - Removing Outliers using IQR for occupation
[2025-03-16 11:28:28,395] 58 root - INFO - Outliers Removed for occupation
[2025-03-16 11:28:28,395] 49 root - INFO - Removing Outliers using IQR for relationship
[2025-03-16 11:28:28,395] 58 root - INFO - Outliers Removed for relationship
[2025-03-16 11:28:28,395] 49 root - INFO - Removing Outliers using IQR for relationship
[2025-03-16 11:28:28,395] 58 root - INFO - Outliers Removed for relationship
[2025-03-16 11:28:28,395] 49 root - INFO - Removing Outliers using IQR for race
[2025-03-16 11:28:28,395] 58 root - INFO - Outliers Removed for race
[2025-03-16 11:28:28,395] 49 root - INFO - Removing Outliers using IQR for race
[2025-03-16 11:28:28,395] 58 root - INFO - Outliers Removed for race
[2025-03-16 11:28:28,395] 49 root - INFO - Removing Outliers using IQR for sex
[2025-03-16 11:28:28,409] 58 root - INFO - Outliers Removed for sex
[2025-03-16 11:28:28,409] 49 root - INFO - Removing Outliers using IQR for sex
[2025-03-16 11:28:28,409] 58 root - INFO - Outliers Removed for sex
[2025-03-16 11:28:28,409] 49 root - INFO - Removing Outliers using IQR for capital_gain
[2025-03-16 11:28:28,409] 58 root - INFO - Outliers Removed for capital_gain
[2025-03-16 11:28:28,409] 49 root - INFO - Removing Outliers using IQR for capital_gain
[2025-03-16 11:28:28,409] 58 root - INFO - Outliers Removed for capital_gain
[2025-03-16 11:28:28,409] 49 root - INFO - Removing Outliers using IQR for capital_loss
[2025-03-16 11:28:28,409] 58 root - INFO - Outliers Removed for capital_loss
[2025-03-16 11:28:28,409] 49 root - INFO - Removing Outliers using IQR for capital_loss
[2025-03-16 11:28:28,409] 58 root - INFO - Outliers Removed for capital_loss
[2025-03-16 11:28:28,409] 49 root - INFO - Removing Outliers using IQR for hours_per_week
[2025-03-16 11:28:28,409] 58 root - INFO - Outliers Removed for hours_per_week
[2025-03-16 11:28:28,409] 49 root - INFO - Removing Outliers using IQR for hours_per_week
[2025-03-16 11:28:28,425] 58 root - INFO - Outliers Removed for hours_per_week
[2025-03-16 11:28:28,425] 49 root - INFO - Removing Outliers using IQR for native_country
[2025-03-16 11:28:28,425] 58 root - INFO - Outliers Removed for native_country
[2025-03-16 11:28:28,425] 49 root - INFO - Removing Outliers using IQR for native_country
[2025-03-16 11:28:28,425] 58 root - INFO - Outliers Removed for native_country
[2025-03-16 11:28:28,425] 24 root - INFO - Initiating Data Transformation
[2025-03-16 11:28:28,425] 89 root - INFO - Splitting train data into dependent and independent features
[2025-03-16 11:28:28,425] 93 root - INFO - Splitting test data into dependent and independent features
