[2025-03-16 11:36:10,399] 24 root - INFO - Initiating Data Ingestion
[2025-03-16 11:36:10,401] 26 root - INFO - Data Reading using Pandas
[2025-03-16 11:36:10,431] 28 root - INFO - Data Ingested
[2025-03-16 11:36:10,556] 32 root - INFO - Data Splitted into Train and Test
[2025-03-16 11:36:10,663] 35 root - INFO - Data Ingestion Successful
[2025-03-16 11:36:10,663] 69 root - INFO - Initiating Data Transformation
[2025-03-16 11:36:10,764] 49 root - INFO - Removing Outliers using IQR for age
[2025-03-16 11:36:10,769] 58 root - INFO - Outliers Removed for age
[2025-03-16 11:36:10,769] 49 root - INFO - Removing Outliers using IQR for age
[2025-03-16 11:36:10,771] 58 root - INFO - Outliers Removed for age
[2025-03-16 11:36:10,773] 49 root - INFO - Removing Outliers using IQR for workclass
[2025-03-16 11:36:10,775] 58 root - INFO - Outliers Removed for workclass
[2025-03-16 11:36:10,775] 49 root - INFO - Removing Outliers using IQR for workclass
[2025-03-16 11:36:10,775] 58 root - INFO - Outliers Removed for workclass
[2025-03-16 11:36:10,775] 49 root - INFO - Removing Outliers using IQR for education
[2025-03-16 11:36:10,781] 58 root - INFO - Outliers Removed for education
[2025-03-16 11:36:10,781] 49 root - INFO - Removing Outliers using IQR for education
[2025-03-16 11:36:10,783] 58 root - INFO - Outliers Removed for education
[2025-03-16 11:36:10,783] 49 root - INFO - Removing Outliers using IQR for education_number
[2025-03-16 11:36:10,786] 58 root - INFO - Outliers Removed for education_number
[2025-03-16 11:36:10,786] 49 root - INFO - Removing Outliers using IQR for education_number
[2025-03-16 11:36:10,786] 58 root - INFO - Outliers Removed for education_number
[2025-03-16 11:36:10,786] 49 root - INFO - Removing Outliers using IQR for marital_status
[2025-03-16 11:36:10,786] 58 root - INFO - Outliers Removed for marital_status
[2025-03-16 11:36:10,786] 49 root - INFO - Removing Outliers using IQR for marital_status
[2025-03-16 11:36:10,786] 58 root - INFO - Outliers Removed for marital_status
[2025-03-16 11:36:10,786] 49 root - INFO - Removing Outliers using IQR for occupation
[2025-03-16 11:36:10,797] 58 root - INFO - Outliers Removed for occupation
[2025-03-16 11:36:10,797] 49 root - INFO - Removing Outliers using IQR for occupation
[2025-03-16 11:36:10,797] 58 root - INFO - Outliers Removed for occupation
[2025-03-16 11:36:10,797] 49 root - INFO - Removing Outliers using IQR for relationship
[2025-03-16 11:36:10,797] 58 root - INFO - Outliers Removed for relationship
[2025-03-16 11:36:10,797] 49 root - INFO - Removing Outliers using IQR for relationship
[2025-03-16 11:36:10,797] 58 root - INFO - Outliers Removed for relationship
[2025-03-16 11:36:10,797] 49 root - INFO - Removing Outliers using IQR for race
[2025-03-16 11:36:10,812] 58 root - INFO - Outliers Removed for race
[2025-03-16 11:36:10,812] 49 root - INFO - Removing Outliers using IQR for race
[2025-03-16 11:36:10,814] 58 root - INFO - Outliers Removed for race
[2025-03-16 11:36:10,814] 49 root - INFO - Removing Outliers using IQR for sex
[2025-03-16 11:36:10,821] 58 root - INFO - Outliers Removed for sex
[2025-03-16 11:36:10,821] 49 root - INFO - Removing Outliers using IQR for sex
[2025-03-16 11:36:10,824] 58 root - INFO - Outliers Removed for sex
[2025-03-16 11:36:10,824] 49 root - INFO - Removing Outliers using IQR for capital_gain
[2025-03-16 11:36:10,826] 58 root - INFO - Outliers Removed for capital_gain
[2025-03-16 11:36:10,826] 49 root - INFO - Removing Outliers using IQR for capital_gain
[2025-03-16 11:36:10,828] 58 root - INFO - Outliers Removed for capital_gain
[2025-03-16 11:36:10,828] 49 root - INFO - Removing Outliers using IQR for capital_loss
[2025-03-16 11:36:10,830] 58 root - INFO - Outliers Removed for capital_loss
[2025-03-16 11:36:10,830] 49 root - INFO - Removing Outliers using IQR for capital_loss
[2025-03-16 11:36:10,830] 58 root - INFO - Outliers Removed for capital_loss
[2025-03-16 11:36:10,830] 49 root - INFO - Removing Outliers using IQR for hours_per_week
[2025-03-16 11:36:10,830] 58 root - INFO - Outliers Removed for hours_per_week
[2025-03-16 11:36:10,830] 49 root - INFO - Removing Outliers using IQR for hours_per_week
[2025-03-16 11:36:10,830] 58 root - INFO - Outliers Removed for hours_per_week
[2025-03-16 11:36:10,830] 49 root - INFO - Removing Outliers using IQR for native_country
[2025-03-16 11:36:10,842] 58 root - INFO - Outliers Removed for native_country
[2025-03-16 11:36:10,842] 49 root - INFO - Removing Outliers using IQR for native_country
[2025-03-16 11:36:10,845] 58 root - INFO - Outliers Removed for native_country
[2025-03-16 11:36:10,845] 24 root - INFO - Initiating Data Transformation
[2025-03-16 11:36:10,845] 89 root - INFO - Splitting train data into dependent and independent features
[2025-03-16 11:36:10,845] 93 root - INFO - Splitting test data into dependent and independent features
