[2025-03-16 12:30:25,911] 24 root - INFO - Initiating Data Ingestion
[2025-03-16 12:30:25,911] 26 root - INFO - Data Reading using Pandas
[2025-03-16 12:30:25,929] 28 root - INFO - Data Ingested
[2025-03-16 12:30:25,982] 32 root - INFO - Data Splitted into Train and Test
[2025-03-16 12:30:26,035] 35 root - INFO - Data Ingestion Successful
[2025-03-16 12:30:26,035] 69 root - INFO - Initiating Data Transformation
[2025-03-16 12:30:26,074] 49 root - INFO - Removing Outliers using IQR for age
[2025-03-16 12:30:26,076] 58 root - INFO - Outliers Removed for age
[2025-03-16 12:30:26,076] 49 root - INFO - Removing Outliers using IQR for age
[2025-03-16 12:30:26,078] 58 root - INFO - Outliers Removed for age
[2025-03-16 12:30:26,078] 49 root - INFO - Removing Outliers using IQR for workclass
[2025-03-16 12:30:26,078] 58 root - INFO - Outliers Removed for workclass
[2025-03-16 12:30:26,078] 49 root - INFO - Removing Outliers using IQR for workclass
[2025-03-16 12:30:26,080] 58 root - INFO - Outliers Removed for workclass
[2025-03-16 12:30:26,080] 49 root - INFO - Removing Outliers using IQR for education
[2025-03-16 12:30:26,080] 58 root - INFO - Outliers Removed for education
[2025-03-16 12:30:26,080] 49 root - INFO - Removing Outliers using IQR for education
[2025-03-16 12:30:26,082] 58 root - INFO - Outliers Removed for education
[2025-03-16 12:30:26,082] 49 root - INFO - Removing Outliers using IQR for education_number
[2025-03-16 12:30:26,082] 58 root - INFO - Outliers Removed for education_number
[2025-03-16 12:30:26,082] 49 root - INFO - Removing Outliers using IQR for education_number
[2025-03-16 12:30:26,084] 58 root - INFO - Outliers Removed for education_number
[2025-03-16 12:30:26,084] 49 root - INFO - Removing Outliers using IQR for marital_status
[2025-03-16 12:30:26,085] 58 root - INFO - Outliers Removed for marital_status
[2025-03-16 12:30:26,085] 49 root - INFO - Removing Outliers using IQR for marital_status
[2025-03-16 12:30:26,085] 58 root - INFO - Outliers Removed for marital_status
[2025-03-16 12:30:26,085] 49 root - INFO - Removing Outliers using IQR for occupation
[2025-03-16 12:30:26,087] 58 root - INFO - Outliers Removed for occupation
[2025-03-16 12:30:26,087] 49 root - INFO - Removing Outliers using IQR for occupation
[2025-03-16 12:30:26,089] 58 root - INFO - Outliers Removed for occupation
[2025-03-16 12:30:26,089] 49 root - INFO - Removing Outliers using IQR for relationship
[2025-03-16 12:30:26,089] 58 root - INFO - Outliers Removed for relationship
[2025-03-16 12:30:26,089] 49 root - INFO - Removing Outliers using IQR for relationship
[2025-03-16 12:30:26,091] 58 root - INFO - Outliers Removed for relationship
[2025-03-16 12:30:26,091] 49 root - INFO - Removing Outliers using IQR for race
[2025-03-16 12:30:26,091] 58 root - INFO - Outliers Removed for race
[2025-03-16 12:30:26,091] 49 root - INFO - Removing Outliers using IQR for race
[2025-03-16 12:30:26,093] 58 root - INFO - Outliers Removed for race
[2025-03-16 12:30:26,093] 49 root - INFO - Removing Outliers using IQR for sex
[2025-03-16 12:30:26,093] 58 root - INFO - Outliers Removed for sex
[2025-03-16 12:30:26,093] 49 root - INFO - Removing Outliers using IQR for sex
[2025-03-16 12:30:26,095] 58 root - INFO - Outliers Removed for sex
[2025-03-16 12:30:26,095] 49 root - INFO - Removing Outliers using IQR for capital_gain
[2025-03-16 12:30:26,095] 58 root - INFO - Outliers Removed for capital_gain
[2025-03-16 12:30:26,095] 49 root - INFO - Removing Outliers using IQR for capital_gain
[2025-03-16 12:30:26,097] 58 root - INFO - Outliers Removed for capital_gain
[2025-03-16 12:30:26,097] 49 root - INFO - Removing Outliers using IQR for capital_loss
[2025-03-16 12:30:26,097] 58 root - INFO - Outliers Removed for capital_loss
[2025-03-16 12:30:26,097] 49 root - INFO - Removing Outliers using IQR for capital_loss
[2025-03-16 12:30:26,099] 58 root - INFO - Outliers Removed for capital_loss
[2025-03-16 12:30:26,099] 49 root - INFO - Removing Outliers using IQR for hours_per_week
[2025-03-16 12:30:26,101] 58 root - INFO - Outliers Removed for hours_per_week
[2025-03-16 12:30:26,101] 49 root - INFO - Removing Outliers using IQR for hours_per_week
[2025-03-16 12:30:26,101] 58 root - INFO - Outliers Removed for hours_per_week
[2025-03-16 12:30:26,101] 49 root - INFO - Removing Outliers using IQR for native_country
[2025-03-16 12:30:26,103] 58 root - INFO - Outliers Removed for native_country
[2025-03-16 12:30:26,103] 49 root - INFO - Removing Outliers using IQR for native_country
[2025-03-16 12:30:26,103] 58 root - INFO - Outliers Removed for native_country
[2025-03-16 12:30:26,103] 24 root - INFO - Initiating Data Transformation
[2025-03-16 12:30:26,103] 89 root - INFO - Splitting train data into dependent and independent features
[2025-03-16 12:30:26,105] 93 root - INFO - Splitting test data into dependent and independent features
[2025-03-16 12:30:26,125] 28 root - INFO - Splitting our data into dependent and independent features
[2025-03-16 12:30:26,127] 21 root - INFO - Starting model evaluation...
[2025-03-16 12:30:26,127] 25 root - INFO - Applying SMOTE to balance training data...
[2025-03-16 12:30:26,204] 28 root - INFO - Training data after SMOTE: (34484, 13), Labels: (34484,)
[2025-03-16 12:30:26,206] 31 root - INFO - Evaluating model: LogisticRegression
[2025-03-16 12:30:26,206] 34 root - INFO - Performing Grid Search for hyperparameter tuning...
[2025-03-16 12:30:35,202] 39 root - INFO - Best parameters for LogisticRegression: {'C': 0.001, 'class_weight': 'balanced', 'max_iter': 100, 'penalty': 'l2', 'solver': 'liblinear'}
[2025-03-16 12:30:35,219] 48 root - INFO - Metrics for LogisticRegression: 0.7290514238885474
[2025-03-16 12:30:35,219] 31 root - INFO - Evaluating model: DecisionTree
[2025-03-16 12:30:35,219] 34 root - INFO - Performing Grid Search for hyperparameter tuning...
[2025-03-16 12:30:39,138] 39 root - INFO - Best parameters for DecisionTree: {'class_weight': 'balanced', 'criterion': 'gini', 'max_depth': 6, 'max_features': 'sqrt', 'min_samples_leaf': 1, 'min_samples_split': 4, 'splitter': 'best'}
[2025-03-16 12:30:39,154] 48 root - INFO - Metrics for DecisionTree: 0.7811923786109404
[2025-03-16 12:30:39,154] 31 root - INFO - Evaluating model: RandomForest
[2025-03-16 12:30:39,154] 34 root - INFO - Performing Grid Search for hyperparameter tuning...
[2025-03-16 12:30:43,507] 39 root - INFO - Best parameters for RandomForest: {'class_weight': 'balanced', 'max_depth': 10, 'min_samples_split': 2, 'n_estimators': 50}
[2025-03-16 12:30:44,074] 48 root - INFO - Metrics for RandomForest: 0.7844703954107765
[2025-03-16 12:30:44,074] 50 root - INFO - Model evaluation completed successfully.
[2025-03-16 12:30:44,080] 79 root - INFO - Best Model: LogisticRegression, accuracy: {0.7290514238885474}
