[2025-03-16 11:29:18,145] 24 root - INFO - Initiating Data Ingestion
[2025-03-16 11:29:18,145] 26 root - INFO - Data Reading using Pandas
[2025-03-16 11:29:18,205] 28 root - INFO - Data Ingested
[2025-03-16 11:29:18,327] 32 root - INFO - Data Splitted into Train and Test
[2025-03-16 11:29:18,432] 35 root - INFO - Data Ingestion Successful
[2025-03-16 11:29:18,432] 69 root - INFO - Initiating Data Transformation
[2025-03-16 11:29:18,518] 49 root - INFO - Removing Outliers using IQR for age
[2025-03-16 11:29:18,526] 58 root - INFO - Outliers Removed for age
[2025-03-16 11:29:18,526] 49 root - INFO - Removing Outliers using IQR for age
[2025-03-16 11:29:18,526] 58 root - INFO - Outliers Removed for age
[2025-03-16 11:29:18,526] 49 root - INFO - Removing Outliers using IQR for workclass
[2025-03-16 11:29:18,526] 58 root - INFO - Outliers Removed for workclass
[2025-03-16 11:29:18,526] 49 root - INFO - Removing Outliers using IQR for workclass
[2025-03-16 11:29:18,526] 58 root - INFO - Outliers Removed for workclass
[2025-03-16 11:29:18,526] 49 root - INFO - Removing Outliers using IQR for education
[2025-03-16 11:29:18,543] 58 root - INFO - Outliers Removed for education
[2025-03-16 11:29:18,543] 49 root - INFO - Removing Outliers using IQR for education
[2025-03-16 11:29:18,545] 58 root - INFO - Outliers Removed for education
[2025-03-16 11:29:18,545] 49 root - INFO - Removing Outliers using IQR for education_number
[2025-03-16 11:29:18,547] 58 root - INFO - Outliers Removed for education_number
[2025-03-16 11:29:18,549] 49 root - INFO - Removing Outliers using IQR for education_number
[2025-03-16 11:29:18,551] 58 root - INFO - Outliers Removed for education_number
[2025-03-16 11:29:18,551] 49 root - INFO - Removing Outliers using IQR for marital_status
[2025-03-16 11:29:18,553] 58 root - INFO - Outliers Removed for marital_status
[2025-03-16 11:29:18,553] 49 root - INFO - Removing Outliers using IQR for marital_status
[2025-03-16 11:29:18,555] 58 root - INFO - Outliers Removed for marital_status
[2025-03-16 11:29:18,555] 49 root - INFO - Removing Outliers using IQR for occupation
[2025-03-16 11:29:18,557] 58 root - INFO - Outliers Removed for occupation
[2025-03-16 11:29:18,558] 49 root - INFO - Removing Outliers using IQR for occupation
[2025-03-16 11:29:18,560] 58 root - INFO - Outliers Removed for occupation
[2025-03-16 11:29:18,560] 49 root - INFO - Removing Outliers using IQR for relationship
[2025-03-16 11:29:18,562] 58 root - INFO - Outliers Removed for relationship
[2025-03-16 11:29:18,562] 49 root - INFO - Removing Outliers using IQR for relationship
[2025-03-16 11:29:18,565] 58 root - INFO - Outliers Removed for relationship
[2025-03-16 11:29:18,565] 49 root - INFO - Removing Outliers using IQR for race
[2025-03-16 11:29:18,567] 58 root - INFO - Outliers Removed for race
[2025-03-16 11:29:18,567] 49 root - INFO - Removing Outliers using IQR for race
[2025-03-16 11:29:18,569] 58 root - INFO - Outliers Removed for race
[2025-03-16 11:29:18,569] 49 root - INFO - Removing Outliers using IQR for sex
[2025-03-16 11:29:18,573] 58 root - INFO - Outliers Removed for sex
[2025-03-16 11:29:18,573] 49 root - INFO - Removing Outliers using IQR for sex
[2025-03-16 11:29:18,574] 58 root - INFO - Outliers Removed for sex
[2025-03-16 11:29:18,574] 49 root - INFO - Removing Outliers using IQR for capital_gain
[2025-03-16 11:29:18,574] 58 root - INFO - Outliers Removed for capital_gain
[2025-03-16 11:29:18,574] 49 root - INFO - Removing Outliers using IQR for capital_gain
[2025-03-16 11:29:18,578] 58 root - INFO - Outliers Removed for capital_gain
[2025-03-16 11:29:18,578] 49 root - INFO - Removing Outliers using IQR for capital_loss
[2025-03-16 11:29:18,582] 58 root - INFO - Outliers Removed for capital_loss
[2025-03-16 11:29:18,582] 49 root - INFO - Removing Outliers using IQR for capital_loss
[2025-03-16 11:29:18,584] 58 root - INFO - Outliers Removed for capital_loss
[2025-03-16 11:29:18,584] 49 root - INFO - Removing Outliers using IQR for hours_per_week
[2025-03-16 11:29:18,586] 58 root - INFO - Outliers Removed for hours_per_week
[2025-03-16 11:29:18,586] 49 root - INFO - Removing Outliers using IQR for hours_per_week
[2025-03-16 11:29:18,588] 58 root - INFO - Outliers Removed for hours_per_week
[2025-03-16 11:29:18,588] 49 root - INFO - Removing Outliers using IQR for native_country
[2025-03-16 11:29:18,592] 58 root - INFO - Outliers Removed for native_country
[2025-03-16 11:29:18,592] 49 root - INFO - Removing Outliers using IQR for native_country
[2025-03-16 11:29:18,594] 58 root - INFO - Outliers Removed for native_country
[2025-03-16 11:29:18,594] 24 root - INFO - Initiating Data Transformation
[2025-03-16 11:29:18,594] 89 root - INFO - Splitting train data into dependent and independent features
[2025-03-16 11:29:18,594] 93 root - INFO - Splitting test data into dependent and independent features
[2025-03-16 11:29:33,220] 84 root - INFO - Best Model: LogisticRegression, accuracy: {'accuracy': 0.7522129828326181}
