[2025-03-16 12:25:06,758] 24 root - INFO - Initiating Data Ingestion
[2025-03-16 12:25:06,758] 26 root - INFO - Data Reading using Pandas
[2025-03-16 12:25:06,776] 28 root - INFO - Data Ingested
[2025-03-16 12:25:06,829] 32 root - INFO - Data Splitted into Train and Test
[2025-03-16 12:25:06,879] 35 root - INFO - Data Ingestion Successful
[2025-03-16 12:25:06,879] 69 root - INFO - Initiating Data Transformation
[2025-03-16 12:25:06,920] 49 root - INFO - Removing Outliers using IQR for age
[2025-03-16 12:25:06,920] 58 root - INFO - Outliers Removed for age
[2025-03-16 12:25:06,920] 49 root - INFO - Removing Outliers using IQR for age
[2025-03-16 12:25:06,922] 58 root - INFO - Outliers Removed for age
[2025-03-16 12:25:06,922] 49 root - INFO - Removing Outliers using IQR for workclass
[2025-03-16 12:25:06,922] 58 root - INFO - Outliers Removed for workclass
[2025-03-16 12:25:06,922] 49 root - INFO - Removing Outliers using IQR for workclass
[2025-03-16 12:25:06,927] 58 root - INFO - Outliers Removed for workclass
[2025-03-16 12:25:06,927] 49 root - INFO - Removing Outliers using IQR for education
[2025-03-16 12:25:06,929] 58 root - INFO - Outliers Removed for education
[2025-03-16 12:25:06,929] 49 root - INFO - Removing Outliers using IQR for education
[2025-03-16 12:25:06,929] 58 root - INFO - Outliers Removed for education
[2025-03-16 12:25:06,929] 49 root - INFO - Removing Outliers using IQR for education_number
[2025-03-16 12:25:06,931] 58 root - INFO - Outliers Removed for education_number
[2025-03-16 12:25:06,931] 49 root - INFO - Removing Outliers using IQR for education_number
[2025-03-16 12:25:06,931] 58 root - INFO - Outliers Removed for education_number
[2025-03-16 12:25:06,931] 49 root - INFO - Removing Outliers using IQR for marital_status
[2025-03-16 12:25:06,933] 58 root - INFO - Outliers Removed for marital_status
[2025-03-16 12:25:06,933] 49 root - INFO - Removing Outliers using IQR for marital_status
[2025-03-16 12:25:06,935] 58 root - INFO - Outliers Removed for marital_status
[2025-03-16 12:25:06,935] 49 root - INFO - Removing Outliers using IQR for occupation
[2025-03-16 12:25:06,935] 58 root - INFO - Outliers Removed for occupation
[2025-03-16 12:25:06,935] 49 root - INFO - Removing Outliers using IQR for occupation
[2025-03-16 12:25:06,937] 58 root - INFO - Outliers Removed for occupation
[2025-03-16 12:25:06,937] 49 root - INFO - Removing Outliers using IQR for relationship
[2025-03-16 12:25:06,937] 58 root - INFO - Outliers Removed for relationship
[2025-03-16 12:25:06,937] 49 root - INFO - Removing Outliers using IQR for relationship
[2025-03-16 12:25:06,939] 58 root - INFO - Outliers Removed for relationship
[2025-03-16 12:25:06,939] 49 root - INFO - Removing Outliers using IQR for race
[2025-03-16 12:25:06,939] 58 root - INFO - Outliers Removed for race
[2025-03-16 12:25:06,939] 49 root - INFO - Removing Outliers using IQR for race
[2025-03-16 12:25:06,941] 58 root - INFO - Outliers Removed for race
[2025-03-16 12:25:06,941] 49 root - INFO - Removing Outliers using IQR for sex
[2025-03-16 12:25:06,943] 58 root - INFO - Outliers Removed for sex
[2025-03-16 12:25:06,943] 49 root - INFO - Removing Outliers using IQR for sex
[2025-03-16 12:25:06,943] 58 root - INFO - Outliers Removed for sex
[2025-03-16 12:25:06,943] 49 root - INFO - Removing Outliers using IQR for capital_gain
[2025-03-16 12:25:06,945] 58 root - INFO - Outliers Removed for capital_gain
[2025-03-16 12:25:06,945] 49 root - INFO - Removing Outliers using IQR for capital_gain
[2025-03-16 12:25:06,946] 58 root - INFO - Outliers Removed for capital_gain
[2025-03-16 12:25:06,946] 49 root - INFO - Removing Outliers using IQR for capital_loss
[2025-03-16 12:25:06,946] 58 root - INFO - Outliers Removed for capital_loss
[2025-03-16 12:25:06,946] 49 root - INFO - Removing Outliers using IQR for capital_loss
[2025-03-16 12:25:06,946] 58 root - INFO - Outliers Removed for capital_loss
[2025-03-16 12:25:06,946] 49 root - INFO - Removing Outliers using IQR for hours_per_week
[2025-03-16 12:25:06,946] 58 root - INFO - Outliers Removed for hours_per_week
[2025-03-16 12:25:06,946] 49 root - INFO - Removing Outliers using IQR for hours_per_week
[2025-03-16 12:25:06,946] 58 root - INFO - Outliers Removed for hours_per_week
[2025-03-16 12:25:06,946] 49 root - INFO - Removing Outliers using IQR for native_country
[2025-03-16 12:25:06,946] 58 root - INFO - Outliers Removed for native_country
[2025-03-16 12:25:06,946] 49 root - INFO - Removing Outliers using IQR for native_country
[2025-03-16 12:25:06,946] 58 root - INFO - Outliers Removed for native_country
[2025-03-16 12:25:06,946] 24 root - INFO - Initiating Data Transformation
[2025-03-16 12:25:06,946] 89 root - INFO - Splitting train data into dependent and independent features
[2025-03-16 12:25:06,946] 93 root - INFO - Splitting test data into dependent and independent features
[2025-03-16 12:25:06,974] 28 root - INFO - Splitting our data into dependent and independent features
[2025-03-16 12:25:06,974] 21 root - INFO - Starting model evaluation...
[2025-03-16 12:25:06,974] 25 root - INFO - Applying SMOTE to balance training data...
[2025-03-16 12:25:07,046] 28 root - INFO - Training data after SMOTE: (34484, 13), Labels: (34484,)
[2025-03-16 12:25:07,046] 31 root - INFO - Evaluating model: LogisticRegression
[2025-03-16 12:25:07,046] 34 root - INFO - Performing Grid Search for hyperparameter tuning...
[2025-03-16 12:25:16,180] 39 root - INFO - Best parameters for LogisticRegression: {'C': 0.001, 'class_weight': 'balanced', 'max_iter': 100, 'penalty': 'l2', 'solver': 'liblinear'}
[2025-03-16 12:25:16,196] 48 root - INFO - Metrics for LogisticRegression: 0.7290514238885474
[2025-03-16 12:25:16,196] 31 root - INFO - Evaluating model: DecisionTree
[2025-03-16 12:25:16,196] 34 root - INFO - Performing Grid Search for hyperparameter tuning...
[2025-03-16 12:25:20,401] 39 root - INFO - Best parameters for DecisionTree: {'class_weight': 'balanced', 'criterion': 'gini', 'max_depth': 6, 'max_features': 'log2', 'min_samples_leaf': 2, 'min_samples_split': 2, 'splitter': 'best'}
[2025-03-16 12:25:20,417] 48 root - INFO - Metrics for DecisionTree: 0.7250563409137472
[2025-03-16 12:25:20,417] 31 root - INFO - Evaluating model: RandomForest
[2025-03-16 12:25:20,417] 34 root - INFO - Performing Grid Search for hyperparameter tuning...
[2025-03-16 12:25:24,760] 39 root - INFO - Best parameters for RandomForest: {'class_weight': 'balanced', 'max_depth': 10, 'min_samples_split': 2, 'n_estimators': 50}
[2025-03-16 12:25:25,311] 48 root - INFO - Metrics for RandomForest: 0.7841630813357918
[2025-03-16 12:25:25,311] 50 root - INFO - Model evaluation completed successfully.
[2025-03-16 12:25:25,312] 85 root - ERROR - Error in Model Training: '<' not supported between instances of 'dict' and 'dict'
